1568398527.868572 client started (15629): version 2.9a, socket /tmp/tmux-1000/default, protocol 8
1568398527.868591 on Linux 5.2.11-200.fc30.x86_64 #1 SMP Thu Aug 29 12:43:20 UTC 2019; libevent 2.1.8-stable (poll)
1568398527.868605 socket is /tmp/tmux-1000/default
1568398527.868622 trying connect
1568398527.868667 add peer 0x55e5e50a0940: 6 ((nil))
1568398527.868714 sending message 100 to peer 0x55e5e50a0940 (4 bytes)
1568398527.868719 sending message 101 to peer 0x55e5e50a0940 (15 bytes)
1568398527.868722 sending message 102 to peer 0x55e5e50a0940 (11 bytes)
1568398527.868724 sending message 108 to peer 0x55e5e50a0940 (30 bytes)
1568398527.868728 sending message 104 to peer 0x55e5e50a0940 (0 bytes)
1568398527.868731 sending message 107 to peer 0x55e5e50a0940 (4 bytes)
1568398527.868734 sending message 105 to peer 0x55e5e50a0940 (16 bytes)
1568398527.868737 sending message 105 to peer 0x55e5e50a0940 (33 bytes)
1568398527.868739 sending message 105 to peer 0x55e5e50a0940 (78 bytes)
1568398527.868742 sending message 105 to peer 0x55e5e50a0940 (18 bytes)
1568398527.868745 sending message 105 to peer 0x55e5e50a0940 (20 bytes)
1568398527.868748 sending message 105 to peer 0x55e5e50a0940 (25 bytes)
1568398527.868751 sending message 105 to peer 0x55e5e50a0940 (58 bytes)
1568398527.868753 sending message 105 to peer 0x55e5e50a0940 (23 bytes)
1568398527.868756 sending message 105 to peer 0x55e5e50a0940 (22 bytes)
1568398527.868759 sending message 105 to peer 0x55e5e50a0940 (14 bytes)
1568398527.868761 sending message 105 to peer 0x55e5e50a0940 (19 bytes)
1568398527.868764 sending message 105 to peer 0x55e5e50a0940 (47 bytes)
1568398527.868767 sending message 105 to peer 0x55e5e50a0940 (20 bytes)
1568398527.868771 sending message 105 to peer 0x55e5e50a0940 (21 bytes)
1568398527.868773 sending message 105 to peer 0x55e5e50a0940 (19 bytes)
1568398527.868776 sending message 105 to peer 0x55e5e50a0940 (18 bytes)
1568398527.868778 sending message 105 to peer 0x55e5e50a0940 (15 bytes)
1568398527.868789 sending message 105 to peer 0x55e5e50a0940 (39 bytes)
1568398527.868791 sending message 105 to peer 0x55e5e50a0940 (34 bytes)
1568398527.868794 sending message 105 to peer 0x55e5e50a0940 (18 bytes)
1568398527.868796 sending message 105 to peer 0x55e5e50a0940 (25 bytes)
1568398527.868799 sending message 105 to peer 0x55e5e50a0940 (21 bytes)
1568398527.868801 sending message 105 to peer 0x55e5e50a0940 (31 bytes)
1568398527.868804 sending message 105 to peer 0x55e5e50a0940 (10 bytes)
1568398527.868806 sending message 105 to peer 0x55e5e50a0940 (49 bytes)
1568398527.868809 sending message 105 to peer 0x55e5e50a0940 (53 bytes)
1568398527.868811 sending message 105 to peer 0x55e5e50a0940 (21 bytes)
1568398527.868814 sending message 105 to peer 0x55e5e50a0940 (51 bytes)
1568398527.868816 sending message 105 to peer 0x55e5e50a0940 (16 bytes)
1568398527.868820 sending message 105 to peer 0x55e5e50a0940 (1790 bytes)
1568398527.868828 sending message 105 to peer 0x55e5e50a0940 (25 bytes)
1568398527.868831 sending message 105 to peer 0x55e5e50a0940 (17 bytes)
1568398527.868834 sending message 105 to peer 0x55e5e50a0940 (52 bytes)
1568398527.868837 sending message 105 to peer 0x55e5e50a0940 (23 bytes)
1568398527.868841 sending message 105 to peer 0x55e5e50a0940 (73 bytes)
1568398527.868844 sending message 105 to peer 0x55e5e50a0940 (97 bytes)
1568398527.868847 sending message 105 to peer 0x55e5e50a0940 (23 bytes)
1568398527.868850 sending message 105 to peer 0x55e5e50a0940 (20 bytes)
1568398527.868853 sending message 105 to peer 0x55e5e50a0940 (35 bytes)
1568398527.868856 sending message 105 to peer 0x55e5e50a0940 (15 bytes)
1568398527.868859 sending message 105 to peer 0x55e5e50a0940 (39 bytes)
1568398527.868862 sending message 105 to peer 0x55e5e50a0940 (15 bytes)
1568398527.868865 sending message 105 to peer 0x55e5e50a0940 (13 bytes)
1568398527.868868 sending message 105 to peer 0x55e5e50a0940 (8 bytes)
1568398527.868871 sending message 105 to peer 0x55e5e50a0940 (38 bytes)
1568398527.868873 sending message 105 to peer 0x55e5e50a0940 (17 bytes)
1568398527.868876 sending message 105 to peer 0x55e5e50a0940 (11 bytes)
1568398527.868883 sending message 105 to peer 0x55e5e50a0940 (17 bytes)
1568398527.868886 sending message 105 to peer 0x55e5e50a0940 (31 bytes)
1568398527.868889 sending message 105 to peer 0x55e5e50a0940 (135 bytes)
1568398527.868892 sending message 105 to peer 0x55e5e50a0940 (130 bytes)
1568398527.868895 sending message 105 to peer 0x55e5e50a0940 (124 bytes)
1568398527.868898 sending message 105 to peer 0x55e5e50a0940 (16 bytes)
1568398527.868901 sending message 105 to peer 0x55e5e50a0940 (54 bytes)
1568398527.868904 sending message 105 to peer 0x55e5e50a0940 (31 bytes)
1568398527.868907 sending message 105 to peer 0x55e5e50a0940 (53 bytes)
1568398527.868910 sending message 105 to peer 0x55e5e50a0940 (645 bytes)
1568398527.868913 sending message 105 to peer 0x55e5e50a0940 (49 bytes)
1568398527.868916 sending message 105 to peer 0x55e5e50a0940 (119 bytes)
1568398527.868919 sending message 105 to peer 0x55e5e50a0940 (1092 bytes)
1568398527.868924 sending message 105 to peer 0x55e5e50a0940 (16 bytes)
1568398527.868926 sending message 106 to peer 0x55e5e50a0940 (0 bytes)
1568398527.868930 sending message 200 to peer 0x55e5e50a0940 (4 bytes)
1568398527.868932 client loop enter
1568398527.870526 peer 0x55e5e50a0940 message 207
1568398527.870537 sending message 208 to peer 0x55e5e50a0940 (0 bytes)
1568398529.195314 peer 0x55e5e50a0940 message 203
1568398529.195338 sending message 205 to peer 0x55e5e50a0940 (0 bytes)
1568398529.195551 peer 0x55e5e50a0940 message 204
1568398529.195556 client loop exit
